[debug] [2022-04-18T13:58:32.562Z] ----------------------------------------------------------------------
[debug] [2022-04-18T13:58:32.567Z] Command:       C:\Program Files\nodejs\node.exe C:\Users\qaria\AppData\Roaming\npm\node_modules\firebase-tools\lib\bin\firebase.js deploy
[debug] [2022-04-18T13:58:32.568Z] CLI Version:   10.6.0
[debug] [2022-04-18T13:58:32.569Z] Platform:      win32
[debug] [2022-04-18T13:58:32.569Z] Node Version:  v17.7.1
[debug] [2022-04-18T13:58:32.577Z] Time:          Mon Apr 18 2022 19:58:32 GMT+0600 (Bangladesh Standard Time)
[debug] [2022-04-18T13:58:32.578Z] ----------------------------------------------------------------------
[debug] 
[debug] [2022-04-18T13:58:32.701Z] > command requires scopes: ["email","openid","https://www.googleapis.com/auth/cloudplatformprojects.readonly","https://www.googleapis.com/auth/firebase","https://www.googleapis.com/auth/cloud-platform"]
[debug] [2022-04-18T13:58:32.702Z] > authorizing via signed-in user (mdnurulahsanbdbd@gmail.com)
[debug] [2022-04-18T13:58:32.702Z] [iam] checking project eleanor-atwood for permissions ["firebase.projects.get","firebasehosting.sites.update"]
[debug] [2022-04-18T13:58:32.706Z] >>> [apiv2][query] POST https://cloudresourcemanager.googleapis.com/v1/projects/eleanor-atwood:testIamPermissions [none]
[debug] [2022-04-18T13:58:32.706Z] >>> [apiv2][body] POST https://cloudresourcemanager.googleapis.com/v1/projects/eleanor-atwood:testIamPermissions {"permissions":["firebase.projects.get","firebasehosting.sites.update"]}
[debug] [2022-04-18T13:58:34.568Z] <<< [apiv2][status] POST https://cloudresourcemanager.googleapis.com/v1/projects/eleanor-atwood:testIamPermissions 401
[debug] [2022-04-18T13:58:34.568Z] <<< [apiv2][body] POST https://cloudresourcemanager.googleapis.com/v1/projects/eleanor-atwood:testIamPermissions {"error":{"code":401,"message":"Request had invalid authentication credentials. Expected OAuth 2 access token, login cookie or other valid authentication credential. See https://developers.google.com/identity/sign-in/web/devconsole-project.","status":"UNAUTHENTICATED","details":[{"@type":"type.googleapis.com/google.rpc.ErrorInfo","reason":"ACCESS_TOKEN_TYPE_UNSUPPORTED","metadata":{"method":"google.cloudresourcemanager.v1.Projects.TestIamPermissions","service":"cloudresourcemanager.googleapis.com"}}]}}
[debug] [2022-04-18T13:58:34.570Z] [iam] error while checking permissions, command may fail: FirebaseError: HTTP Error: 401, Request had invalid authentication credentials. Expected OAuth 2 access token, login cookie or other valid authentication credential. See https://developers.google.com/identity/sign-in/web/devconsole-project.
[debug] [2022-04-18T13:58:34.572Z] >>> [apiv2][query] GET https://firebase.googleapis.com/v1beta1/projects/eleanor-atwood [none]
[debug] [2022-04-18T13:58:35.232Z] <<< [apiv2][status] GET https://firebase.googleapis.com/v1beta1/projects/eleanor-atwood 401
[debug] [2022-04-18T13:58:35.232Z] <<< [apiv2][body] GET https://firebase.googleapis.com/v1beta1/projects/eleanor-atwood {"error":{"code":401,"message":"Request had invalid authentication credentials. Expected OAuth 2 access token, login cookie or other valid authentication credential. See https://developers.google.com/identity/sign-in/web/devconsole-project.","status":"UNAUTHENTICATED"}}
[debug] [2022-04-18T13:58:35.233Z] HTTP Error: 401, Request had invalid authentication credentials. Expected OAuth 2 access token, login cookie or other valid authentication credential. See https://developers.google.com/identity/sign-in/web/devconsole-project.
[debug] [2022-04-18T13:58:35.587Z] FirebaseError: HTTP Error: 401, Request had invalid authentication credentials. Expected OAuth 2 access token, login cookie or other valid authentication credential. See https://developers.google.com/identity/sign-in/web/devconsole-project.
    at module.exports (C:\Users\qaria\AppData\Roaming\npm\node_modules\firebase-tools\lib\responseToError.js:47:12)
    at RetryOperation._fn (C:\Users\qaria\AppData\Roaming\npm\node_modules\firebase-tools\lib\apiv2.js:286:39)
    at processTicksAndRejections (node:internal/process/task_queues:96:5)
[error] 
[error] Error: Failed to get Firebase project eleanor-atwood. Please make sure the project exists and your account has permission to access it.
